<?xml version="1.0" encoding="UTF-8"?>
<testsuite name="com.example.week01_test_skeletoncode.BalanceServiceTest" tests="3" skipped="0" failures="0" errors="0" timestamp="2024-03-05T01:06:04" hostname="Seungheonui-MacBookPro.local" time="0.465">
  <properties/>
  <testcase name="잔액 확인 테스트" classname="com.example.week01_test_skeletoncode.BalanceServiceTest" time="0.46"/>
  <testcase name="입금 테스트" classname="com.example.week01_test_skeletoncode.BalanceServiceTest" time="0.002"/>
  <testcase name="동시성테스트" classname="com.example.week01_test_skeletoncode.BalanceServiceTest" time="0.001"/>
  <system-out><![CDATA[10:06:03.688 [Test worker] INFO org.springframework.test.context.support.AnnotationConfigContextLoaderUtils -- Could not detect default configuration classes for test class [com.example.week01_test_skeletoncode.BalanceServiceTest]: BalanceServiceTest does not declare any static, non-private, non-final, nested classes annotated with @Configuration.
10:06:03.737 [Test worker] INFO org.springframework.boot.test.context.SpringBootTestContextBootstrapper -- Found @SpringBootConfiguration com.example.week01_test_skeletoncode.Week01TestSkeletoncodeApplication for test class com.example.week01_test_skeletoncode.BalanceServiceTest

  .   ____          _            __ _ _
 /\\ / ___'_ __ _ _(_)_ __  __ _ \ \ \ \
( ( )\___ | '_ | '_| | '_ \/ _` | \ \ \ \
 \\/  ___)| |_)| | | | | || (_| |  ) ) ) )
  '  |____| .__|_| |_|_| |_\__, | / / / /
 =========|_|==============|___/=/_/_/_/
 :: Spring Boot ::                (v3.2.3)

2024-03-05T10:06:03.913+09:00  INFO 9682 --- [    Test worker] c.e.w.BalanceServiceTest                 : Starting BalanceServiceTest using Java 17.0.10 with PID 9682 (started by seungheonlee in /Users/seungheonlee/backend-BOOST/01_Test_With_Concurrency/heon118)
2024-03-05T10:06:03.914+09:00  INFO 9682 --- [    Test worker] c.e.w.BalanceServiceTest                 : No active profile set, falling back to 1 default profile: "default"
2024-03-05T10:06:04.258+09:00  WARN 9682 --- [    Test worker] trationDelegate$BeanPostProcessorChecker : Bean 'org.springframework.ws.config.annotation.DelegatingWsConfiguration' of type [org.springframework.ws.config.annotation.DelegatingWsConfiguration$$SpringCGLIB$$0] is not eligible for getting processed by all BeanPostProcessors (for example: not eligible for auto-proxying). The currently created BeanPostProcessor [annotationActionEndpointMapping] is declared through a non-static factory method on that class; consider declaring it as static instead.
2024-03-05T10:06:04.274+09:00  INFO 9682 --- [    Test worker] .w.s.a.s.AnnotationActionEndpointMapping : Supporting [WS-Addressing August 2004, WS-Addressing 1.0]
2024-03-05T10:06:04.551+09:00  INFO 9682 --- [    Test worker] c.e.w.BalanceServiceTest                 : Started BalanceServiceTest in 0.758 seconds (process running for 1.233)
]]></system-out>
  <system-err><![CDATA[]]></system-err>
</testsuite>
