<?xml version="1.0" encoding="UTF-8"?>
<testsuite name="com.example.week01_test_skeletoncode.BalanceControllerTest" tests="3" skipped="0" failures="0" errors="0" timestamp="2024-03-02T13:07:26" hostname="HSCHO" time="0.577">
  <properties/>
  <testcase name="1-1 입금" classname="com.example.week01_test_skeletoncode.BalanceControllerTest" time="0.467"/>
  <testcase name="2-1 출금 - 성공" classname="com.example.week01_test_skeletoncode.BalanceControllerTest" time="0.009"/>
  <testcase name="2-2 출금 - 실패(잔액 부족)" classname="com.example.week01_test_skeletoncode.BalanceControllerTest" time="0.092"/>
  <system-out><![CDATA[22:07:23.616 [Test worker] INFO org.springframework.test.context.support.AnnotationConfigContextLoaderUtils -- Could not detect default configuration classes for test class [com.example.week01_test_skeletoncode.BalanceControllerTest]: BalanceControllerTest does not declare any static, non-private, non-final, nested classes annotated with @Configuration.
22:07:23.732 [Test worker] INFO org.springframework.boot.test.context.SpringBootTestContextBootstrapper -- Found @SpringBootConfiguration com.example.week01_test_skeletoncode.Week01TestSkeletoncodeApplication for test class com.example.week01_test_skeletoncode.BalanceControllerTest

  .   ____          _            __ _ _
 /\\ / ___'_ __ _ _(_)_ __  __ _ \ \ \ \
( ( )\___ | '_ | '_| | '_ \/ _` | \ \ \ \
 \\/  ___)| |_)| | | | | || (_| |  ) ) ) )
  '  |____| .__|_| |_|_| |_\__, | / / / /
 =========|_|==============|___/=/_/_/_/
 :: Spring Boot ::                (v3.2.3)

2024-03-02T22:07:24.091+09:00  INFO 19568 --- [    Test worker] c.e.w.BalanceControllerTest              : Starting BalanceControllerTest using Java 17.0.9 with PID 19568 (started by hyuns in C:\GIT\backend-BOOST\01_Test_With_Concurrency\hyunsoo10)
2024-03-02T22:07:24.092+09:00  INFO 19568 --- [    Test worker] c.e.w.BalanceControllerTest              : No active profile set, falling back to 1 default profile: "default"
2024-03-02T22:07:24.815+09:00  WARN 19568 --- [    Test worker] trationDelegate$BeanPostProcessorChecker : Bean 'org.springframework.ws.config.annotation.DelegatingWsConfiguration' of type [org.springframework.ws.config.annotation.DelegatingWsConfiguration$$SpringCGLIB$$0] is not eligible for getting processed by all BeanPostProcessors (for example: not eligible for auto-proxying). The currently created BeanPostProcessor [annotationActionEndpointMapping] is declared through a non-static factory method on that class; consider declaring it as static instead.
2024-03-02T22:07:24.837+09:00  INFO 19568 --- [    Test worker] .w.s.a.s.AnnotationActionEndpointMapping : Supporting [WS-Addressing August 2004, WS-Addressing 1.0]
2024-03-02T22:07:25.627+09:00  INFO 19568 --- [    Test worker] o.s.b.t.m.w.SpringBootMockServletContext : Initializing Spring TestDispatcherServlet ''
2024-03-02T22:07:25.627+09:00  INFO 19568 --- [    Test worker] o.s.t.web.servlet.TestDispatcherServlet  : Initializing Servlet ''
2024-03-02T22:07:25.630+09:00  INFO 19568 --- [    Test worker] o.s.t.web.servlet.TestDispatcherServlet  : Completed initialization in 0 ms
2024-03-02T22:07:25.670+09:00  INFO 19568 --- [    Test worker] c.e.w.BalanceControllerTest              : Started BalanceControllerTest in 1.791 seconds (process running for 2.79)
]]></system-out>
  <system-err><![CDATA[]]></system-err>
</testsuite>
