<?xml version="1.0" encoding="UTF-8"?>
<testsuite name="com.example.week01_test_skeletoncode.BalanceServiceTest" tests="1" skipped="0" failures="0" errors="0" timestamp="2024-03-04T15:48:22" hostname="HSCHO" time="0.749">
  <properties/>
  <testcase name="잔액 입금 - 동시 요청 1000개" classname="com.example.week01_test_skeletoncode.BalanceServiceTest" time="0.749"/>
  <system-out><![CDATA[00:48:20.163 [Test worker] INFO org.springframework.test.context.support.AnnotationConfigContextLoaderUtils -- Could not detect default configuration classes for test class [com.example.week01_test_skeletoncode.BalanceServiceTest]: BalanceServiceTest does not declare any static, non-private, non-final, nested classes annotated with @Configuration.
00:48:20.278 [Test worker] INFO org.springframework.boot.test.context.SpringBootTestContextBootstrapper -- Found @SpringBootConfiguration com.example.week01_test_skeletoncode.Week01TestSkeletoncodeApplication for test class com.example.week01_test_skeletoncode.BalanceServiceTest

  .   ____          _            __ _ _
 /\\ / ___'_ __ _ _(_)_ __  __ _ \ \ \ \
( ( )\___ | '_ | '_| | '_ \/ _` | \ \ \ \
 \\/  ___)| |_)| | | | | || (_| |  ) ) ) )
  '  |____| .__|_| |_|_| |_\__, | / / / /
 =========|_|==============|___/=/_/_/_/
 :: Spring Boot ::                (v3.2.3)

2024-03-05T00:48:20.559+09:00  INFO 10368 --- [    Test worker] c.e.w.BalanceServiceTest                 : Starting BalanceServiceTest using Java 17.0.9 with PID 10368 (started by hyuns in C:\GIT\backend-BOOST\01_Test_With_Concurrency\hyunsoo10)
2024-03-05T00:48:20.560+09:00  INFO 10368 --- [    Test worker] c.e.w.BalanceServiceTest                 : No active profile set, falling back to 1 default profile: "default"
2024-03-05T00:48:21.263+09:00  WARN 10368 --- [    Test worker] trationDelegate$BeanPostProcessorChecker : Bean 'org.springframework.ws.config.annotation.DelegatingWsConfiguration' of type [org.springframework.ws.config.annotation.DelegatingWsConfiguration$$SpringCGLIB$$0] is not eligible for getting processed by all BeanPostProcessors (for example: not eligible for auto-proxying). The currently created BeanPostProcessor [annotationActionEndpointMapping] is declared through a non-static factory method on that class; consider declaring it as static instead.
2024-03-05T00:48:21.289+09:00  INFO 10368 --- [    Test worker] .w.s.a.s.AnnotationActionEndpointMapping : Supporting [WS-Addressing August 2004, WS-Addressing 1.0]
2024-03-05T00:48:22.068+09:00  INFO 10368 --- [    Test worker] c.e.w.BalanceServiceTest                 : Started BalanceServiceTest in 1.685 seconds (process running for 2.575)
]]></system-out>
  <system-err><![CDATA[]]></system-err>
</testsuite>
